// 同步 ID: 9d6f15b1 @ Sun Jul  5 05:40:38 UTC 2026
// 同步 ID: e29b8ee7 @ Sun Jul  5 12:30:17 UTC 2026
// 重构日志: e83fc13d
// 重构日志: a85ffce1
// 重构日志: e4d87dcc
// 重构日志: fad5b84b
// 重构日志: 8706d217
// 同步 ID: df8634f7 @ Thu Jul  9 01:04:08 UTC 2026
// 重构日志: be8eeefc
// 同步 ID: 49d674e3 @ Thu Jul  9 18:35:50 UTC 2026
// 同步 ID: 11c3c11b @ Fri Jul 10 17:55:50 UTC 2026
// 同步 ID: 6bd78201 @ Sat Jul 11 14:41:11 UTC 2026
// 同步 ID: 7a0ad892 @ Sat Jul 11 16:46:17 UTC 2026
// 重构日志: 45cedad4
// 重构日志: 7aa9fd36
// 重构日志: 5c5375fb
// 重构日志: 6280ddc5
// 同步 ID: e73a84db @ Mon Jul 13 12:21:10 UTC 2026
// 重构日志: 74784b3d
// 重构日志: 38dd91a5
// 重构日志: 803a5dea
// 重构日志: 1ac2f924
// 重构日志: 7160c4d1
// 重构日志: 5b13408e
// 同步 ID: 8cd41fe8 @ Wed Jul 15 09:37:08 UTC 2026
// 重构日志: 77906ba6
// 重构日志: c3d70046
// 同步 ID: cd52d30e @ Fri Jul 17 06:53:47 UTC 2026
// 同步 ID: 4b72e60d @ Fri Jul 17 09:17:10 UTC 2026
// 同步 ID: ecec1e8b @ Fri Jul 17 14:41:56 UTC 2026
// 重构日志: b02b0836
// 重构日志: 05c63dcc
// 重构日志: 4fbb9cdb
